#! /usr/share/iverilog-0.9.7/bin/vvp
:ivl_version "0.9.7 " "(v0_9_6)";
:vpi_time_precision - 12;
:vpi_module "system";
:vpi_module "v2005_math";
:vpi_module "va_math";
S_0x1e13230 .scope module, "tb" "tb" 2 2;
 .timescale -9 -12;
v0x1e334c0_0 .var "addr", 7 0;
v0x1e33540_0 .var "clk", 0 0;
v0x1e335c0_0 .net "out", 7 0, v0x1e32c60_0; 1 drivers
v0x1e33670_0 .var "rst", 0 0;
S_0x1e13320 .scope module, "c1" "cache" 2 7, 3 3, S_0x1e13230;
 .timescale -9 -12;
v0x1e13410 .array "RAM_data", 255 0, 7 0;
v0x1dde390_0 .net "addr", 7 0, v0x1e334c0_0; 1 drivers
v0x1e32500_0 .var/i "break_loop", 31 0;
v0x1e325a0_0 .net "clk", 0 0, v0x1e33540_0; 1 drivers
v0x1e32650_0 .var/i "cnt", 31 0;
v0x1e326f0 .array "data_mem", 7 0, 7 0;
v0x1e32900_0 .var/i "i", 31 0;
v0x1e329a0_0 .var/i "j", 31 0;
v0x1e32a90 .array "ml_seq", 7 0, 2 0;
v0x1e32c60_0 .var "op", 7 0;
v0x1e32d60_0 .alias "out", 7 0, v0x1e335c0_0;
v0x1e32e00_0 .net "rst", 0 0, v0x1e33670_0; 1 drivers
v0x1e32f10_0 .var "seq_cnt", 3 0;
v0x1e32fb0 .array "tag", 7 0, 7 0;
v0x1e331b0_0 .var "tmp", 7 0;
v0x1e33250_0 .var "tmp2", 7 0;
v0x1e33030_0 .var "tmp3", 7 0;
v0x1e333a0_0 .var "valid_seq", 0 7;
E_0x1ddf3b0 .event edge, v0x1e333a0_0;
E_0x1dfb5e0 .event negedge, v0x1e325a0_0;
E_0x1dfcfd0 .event edge, v0x1e32e00_0, v0x1e329a0_0;
    .scope S_0x1e13320;
T_0 ;
    %set/v v0x1e32650_0, 0, 32;
    %end;
    .thread T_0;
    .scope S_0x1e13320;
T_1 ;
    %set/v v0x1e32500_0, 0, 32;
    %end;
    .thread T_1;
    .scope S_0x1e13320;
T_2 ;
    %vpi_call 3 25 "$dumpfile", "dump.vcd";
    %vpi_call 3 26 "$dumpvars", 2'sb01, S_0x1e13320;
    %end;
    .thread T_2;
    .scope S_0x1e13320;
T_3 ;
    %set/v v0x1e32900_0, 0, 32;
T_3.0 ;
    %load/v 8, v0x1e32900_0, 32;
   %cmpi/s 8, 256, 32;
    %jmp/0xz T_3.1, 5;
    %load/v 8, v0x1e32900_0, 32;
    %ix/getv/s 3, v0x1e32900_0;
   %jmp/1 t_0, 4;
   %ix/load 1, 0, 0;
   %set/av v0x1e13410, 8, 8;
t_0 ;
    %ix/load 0, 1, 0;
    %load/vp0/s 8, v0x1e32900_0, 32;
    %set/v v0x1e32900_0, 8, 32;
    %jmp T_3.0;
T_3.1 ;
    %end;
    .thread T_3;
    .scope S_0x1e13320;
T_4 ;
    %set/v v0x1e329a0_0, 0, 32;
T_4.0 ;
    %load/v 8, v0x1e329a0_0, 32;
   %cmpi/s 8, 8, 32;
    %jmp/0xz T_4.1, 5;
    %ix/getv/s 3, v0x1e329a0_0;
   %jmp/1 t_1, 4;
   %ix/load 1, 0, 0;
   %set/av v0x1e32a90, 0, 3;
t_1 ;
    %ix/getv/s 3, v0x1e329a0_0;
   %jmp/1 t_2, 4;
   %ix/load 1, 0, 0;
   %set/av v0x1e326f0, 0, 8;
t_2 ;
    %ix/getv/s 3, v0x1e329a0_0;
   %jmp/1 t_3, 4;
   %ix/load 1, 0, 0;
   %set/av v0x1e32fb0, 0, 8;
t_3 ;
    %movi 8, 7, 33;
    %load/v 41, v0x1e329a0_0, 32;
    %mov 73, 72, 1;
    %sub 8, 41, 33;
    %ix/get/s 0, 8, 33;
    %jmp/1 t_4, 4;
    %set/x0 v0x1e333a0_0, 0, 1;
t_4 ;
    %ix/load 0, 1, 0;
    %load/vp0/s 8, v0x1e329a0_0, 32;
    %set/v v0x1e329a0_0, 8, 32;
    %jmp T_4.0;
T_4.1 ;
    %end;
    .thread T_4;
    .scope S_0x1e13320;
T_5 ;
    %wait E_0x1dfcfd0;
    %load/v 8, v0x1e32e00_0, 1;
    %cmpi/u 8, 0, 1;
    %jmp/0xz  T_5.0, 4;
    %set/v v0x1e329a0_0, 0, 32;
T_5.2 ;
    %load/v 8, v0x1e329a0_0, 32;
   %cmpi/s 8, 8, 32;
    %jmp/0xz T_5.3, 5;
    %ix/getv/s 3, v0x1e329a0_0;
   %jmp/1 t_5, 4;
   %ix/load 1, 0, 0;
   %set/av v0x1e32a90, 0, 3;
t_5 ;
    %ix/getv/s 3, v0x1e329a0_0;
   %jmp/1 t_6, 4;
   %ix/load 1, 0, 0;
   %set/av v0x1e326f0, 0, 8;
t_6 ;
    %ix/getv/s 3, v0x1e329a0_0;
   %jmp/1 t_7, 4;
   %ix/load 1, 0, 0;
   %set/av v0x1e32fb0, 0, 8;
t_7 ;
    %movi 8, 7, 33;
    %load/v 41, v0x1e329a0_0, 32;
    %mov 73, 72, 1;
    %sub 8, 41, 33;
    %ix/get/s 0, 8, 33;
    %jmp/1 t_8, 4;
    %set/x0 v0x1e333a0_0, 0, 1;
t_8 ;
    %set/v v0x1e32650_0, 0, 32;
    %ix/load 0, 1, 0;
    %load/vp0/s 8, v0x1e329a0_0, 32;
    %set/v v0x1e329a0_0, 8, 32;
    %jmp T_5.2;
T_5.3 ;
T_5.0 ;
    %jmp T_5;
    .thread T_5, $push;
    .scope S_0x1e13320;
T_6 ;
    %wait E_0x1dfb5e0;
    %load/v 8, v0x1e32e00_0, 1;
    %jmp/0xz  T_6.0, 8;
    %set/v v0x1e32650_0, 0, 32;
    %set/v v0x1e32500_0, 0, 32;
    %set/v v0x1e32900_0, 0, 32;
T_6.2 ;
    %load/v 8, v0x1e32900_0, 32;
   %cmpi/s 8, 8, 32;
    %mov 8, 5, 1;
    %load/v 9, v0x1e32500_0, 32;
    %cmpi/u 9, 0, 32;
    %mov 9, 4, 1;
    %and 8, 9, 1;
    %jmp/0xz T_6.3, 8;
    %load/v 8, v0x1dde390_0, 8;
    %ix/getv/s 3, v0x1e32900_0;
    %load/av 16, v0x1e32fb0, 8;
    %cmp/u 8, 16, 8;
    %jmp/0xz  T_6.4, 4;
    %vpi_call 3 74 "$display", $realtime;
    %vpi_call 3 75 "$display", "HIT";
    %ix/getv/s 3, v0x1e32900_0;
    %load/av 8, v0x1e326f0, 8;
    %set/v v0x1e32c60_0, 8, 8;
    %load/v 8, v0x1e32650_0, 32;
    %mov 40, 39, 1;
    %subi 8, 1, 33;
    %set/v v0x1e32650_0, 8, 32;
    %movi 8, 1, 32;
    %set/v v0x1e32500_0, 8, 32;
    %load/v 8, v0x1e32900_0, 32;
    %set/v v0x1e329a0_0, 8, 32;
T_6.6 ;
    %load/v 8, v0x1e329a0_0, 32;
    %load/v 40, v0x1e32f10_0, 4;
    %mov 44, 0, 28;
    %cmp/u 8, 40, 32;
    %mov 8, 5, 1;
    %load/v 9, v0x1e329a0_0, 32;
   %cmpi/s 9, 7, 32;
    %mov 9, 5, 1;
    %and 8, 9, 1;
    %jmp/0xz T_6.7, 8;
    %ix/getv/s 3, v0x1e329a0_0;
    %load/av 8, v0x1e32a90, 3;
    %mov 11, 0, 5;
    %set/v v0x1e331b0_0, 8, 8;
    %ix/load 0, 1, 0;
    %load/vp0/s 11, v0x1e329a0_0, 32;
    %ix/get/s 3, 11, 32;
    %load/av 8, v0x1e32a90, 3;
    %ix/getv/s 3, v0x1e329a0_0;
   %jmp/1 t_9, 4;
   %ix/load 1, 0, 0;
   %set/av v0x1e32a90, 8, 3;
t_9 ;
    %load/v 8, v0x1e331b0_0, 8;
    %ix/load 0, 1, 0;
    %load/vp0/s 16, v0x1e329a0_0, 32;
    %ix/get/s 3, 16, 32;
   %jmp/1 t_10, 4;
   %ix/load 1, 0, 0;
   %set/av v0x1e32a90, 8, 3;
t_10 ;
    %ix/getv/s 3, v0x1e329a0_0;
    %load/av 8, v0x1e326f0, 8;
    %set/v v0x1e33250_0, 8, 8;
    %ix/load 0, 1, 0;
    %load/vp0/s 16, v0x1e329a0_0, 32;
    %ix/get/s 3, 16, 32;
    %load/av 8, v0x1e326f0, 8;
    %ix/getv/s 3, v0x1e329a0_0;
   %jmp/1 t_11, 4;
   %ix/load 1, 0, 0;
   %set/av v0x1e326f0, 8, 8;
t_11 ;
    %load/v 8, v0x1e33250_0, 8;
    %ix/load 0, 1, 0;
    %load/vp0/s 16, v0x1e329a0_0, 32;
    %ix/get/s 3, 16, 32;
   %jmp/1 t_12, 4;
   %ix/load 1, 0, 0;
   %set/av v0x1e326f0, 8, 8;
t_12 ;
    %ix/getv/s 3, v0x1e329a0_0;
    %load/av 8, v0x1e32fb0, 8;
    %set/v v0x1e33030_0, 8, 8;
    %ix/load 0, 1, 0;
    %load/vp0/s 16, v0x1e329a0_0, 32;
    %ix/get/s 3, 16, 32;
    %load/av 8, v0x1e32fb0, 8;
    %ix/getv/s 3, v0x1e329a0_0;
   %jmp/1 t_13, 4;
   %ix/load 1, 0, 0;
   %set/av v0x1e32fb0, 8, 8;
t_13 ;
    %load/v 8, v0x1e33030_0, 8;
    %ix/load 0, 1, 0;
    %load/vp0/s 16, v0x1e329a0_0, 32;
    %ix/get/s 3, 16, 32;
   %jmp/1 t_14, 4;
   %ix/load 1, 0, 0;
   %set/av v0x1e32fb0, 8, 8;
t_14 ;
    %ix/load 0, 1, 0;
    %load/vp0/s 8, v0x1e329a0_0, 32;
    %set/v v0x1e329a0_0, 8, 32;
    %jmp T_6.6;
T_6.7 ;
T_6.4 ;
    %load/v 8, v0x1e32650_0, 32;
    %mov 40, 39, 1;
    %addi 8, 1, 33;
    %set/v v0x1e32650_0, 8, 32;
    %ix/load 0, 1, 0;
    %load/vp0/s 8, v0x1e32900_0, 32;
    %set/v v0x1e32900_0, 8, 32;
    %jmp T_6.2;
T_6.3 ;
    %load/v 8, v0x1e32650_0, 32;
    %cmpi/u 8, 8, 32;
    %jmp/0xz  T_6.8, 4;
    %vpi_call 3 98 "$display", $realtime;
    %vpi_call 3 99 "$display", "MISS";
    %load/v 8, v0x1e32f10_0, 4;
    %cmpi/u 8, 15, 4;
    %mov 8, 4, 1;
    %load/v 9, v0x1dde390_0, 1; Only need 1 of 8 bits
; Save base=9 wid=1 in lookaside.
    %load/v 10, v0x1dde390_0, 1; Only need 1 of 8 bits
; Save base=10 wid=1 in lookaside.
    %cmpi/u 10, 0, 1;
    %or 9, 4, 1;
    %and 8, 9, 1;
    %jmp/0xz  T_6.10, 8;
    %load/v 8, v0x1dde390_0, 8;
   %ix/load 1, 0, 0;
   %ix/load 3, 0, 0;
   %set/av v0x1e32fb0, 8, 8;
    %ix/getv 3, v0x1dde390_0;
    %load/av 8, v0x1e13410, 8;
   %ix/load 1, 0, 0;
   %ix/load 3, 0, 0;
   %set/av v0x1e326f0, 8, 8;
   %ix/load 1, 0, 0;
   %ix/load 3, 0, 0;
   %set/av v0x1e32a90, 0, 3;
    %ix/load 0, 7, 0;
    %set/x0 v0x1e333a0_0, 1, 1;
    %ix/getv 3, v0x1dde390_0;
    %load/av 8, v0x1e13410, 8;
    %set/v v0x1e32c60_0, 8, 8;
    %jmp T_6.11;
T_6.10 ;
    %load/v 8, v0x1e32f10_0, 4;
    %cmpi/u 8, 7, 4;
    %inv 4, 1;
    %mov 8, 4, 1;
    %load/v 9, v0x1dde390_0, 1; Only need 1 of 8 bits
; Save base=9 wid=1 in lookaside.
    %load/v 10, v0x1dde390_0, 1; Only need 1 of 8 bits
; Save base=10 wid=1 in lookaside.
    %cmpi/u 10, 0, 1;
    %or 9, 4, 1;
    %and 8, 9, 1;
    %jmp/0xz  T_6.12, 8;
    %load/v 8, v0x1dde390_0, 8;
    %load/v 16, v0x1e32f10_0, 3; Only need 3 of 4 bits
    %movi 19, 0, 29;
; Save base=16 wid=32 in lookaside.
    %addi 16, 1, 32;
    %ix/get 3, 16, 32;
   %jmp/1 t_15, 4;
   %ix/load 1, 0, 0;
   %set/av v0x1e32fb0, 8, 8;
t_15 ;
    %ix/getv 3, v0x1dde390_0;
    %load/av 8, v0x1e13410, 8;
    %load/v 16, v0x1e32f10_0, 3; Only need 3 of 4 bits
    %movi 19, 0, 29;
; Save base=16 wid=32 in lookaside.
    %addi 16, 1, 32;
    %ix/get 3, 16, 32;
   %jmp/1 t_16, 4;
   %ix/load 1, 0, 0;
   %set/av v0x1e326f0, 8, 8;
t_16 ;
    %load/v 8, v0x1e32f10_0, 3; Select 3 out of 4 bits
    %mov 11, 0, 29;
    %addi 8, 1, 32;
    %load/v 40, v0x1e32f10_0, 3; Only need 3 of 4 bits
    %movi 43, 0, 29;
; Save base=40 wid=32 in lookaside.
    %addi 40, 1, 32;
    %ix/get 3, 40, 32;
   %jmp/1 t_17, 4;
   %ix/load 1, 0, 0;
   %set/av v0x1e32a90, 8, 3;
t_17 ;
    %movi 8, 7, 33;
    %load/v 74, v0x1e32f10_0, 3; Only need 3 of 4 bits
    %movi 77, 0, 29;
; Save base=74 wid=32 in lookaside.
    %addi 74, 1, 32;
    %mov 41, 74, 32;
    %mov 73, 0, 1;
    %sub 8, 41, 33;
    %ix/get/s 0, 8, 33;
    %jmp/1 t_18, 4;
    %set/x0 v0x1e333a0_0, 1, 1;
t_18 ;
    %ix/getv 3, v0x1dde390_0;
    %load/av 8, v0x1e13410, 8;
    %set/v v0x1e32c60_0, 8, 8;
    %jmp T_6.13;
T_6.12 ;
    %load/v 8, v0x1dde390_0, 1; Only need 1 of 8 bits
; Save base=8 wid=1 in lookaside.
    %cmpi/u 8, 0, 1;
    %mov 8, 4, 1;
    %load/v 9, v0x1dde390_0, 1; Only need 1 of 8 bits
; Save base=9 wid=1 in lookaside.
    %or 8, 9, 1;
    %jmp/0xz  T_6.14, 8;
    %load/v 8, v0x1dde390_0, 8;
   %ix/load 1, 0, 0;
   %ix/load 3, 0, 0;
   %set/av v0x1e32fb0, 8, 8;
    %ix/getv 3, v0x1dde390_0;
    %load/av 8, v0x1e13410, 8;
   %ix/load 1, 0, 0;
   %ix/load 3, 0, 0;
   %set/av v0x1e326f0, 8, 8;
    %ix/getv 3, v0x1dde390_0;
    %load/av 8, v0x1e13410, 8;
    %set/v v0x1e32c60_0, 8, 8;
    %set/v v0x1e329a0_0, 0, 32;
T_6.16 ;
    %load/v 8, v0x1e329a0_0, 32;
   %cmpi/s 8, 7, 32;
    %jmp/0xz T_6.17, 5;
    %ix/getv/s 3, v0x1e329a0_0;
    %load/av 8, v0x1e32a90, 3;
    %mov 11, 0, 5;
    %set/v v0x1e331b0_0, 8, 8;
    %ix/load 0, 1, 0;
    %load/vp0/s 11, v0x1e329a0_0, 32;
    %ix/get/s 3, 11, 32;
    %load/av 8, v0x1e32a90, 3;
    %ix/getv/s 3, v0x1e329a0_0;
   %jmp/1 t_19, 4;
   %ix/load 1, 0, 0;
   %set/av v0x1e32a90, 8, 3;
t_19 ;
    %load/v 8, v0x1e331b0_0, 8;
    %ix/load 0, 1, 0;
    %load/vp0/s 16, v0x1e329a0_0, 32;
    %ix/get/s 3, 16, 32;
   %jmp/1 t_20, 4;
   %ix/load 1, 0, 0;
   %set/av v0x1e32a90, 8, 3;
t_20 ;
    %ix/getv/s 3, v0x1e329a0_0;
    %load/av 8, v0x1e326f0, 8;
    %set/v v0x1e33250_0, 8, 8;
    %ix/load 0, 1, 0;
    %load/vp0/s 16, v0x1e329a0_0, 32;
    %ix/get/s 3, 16, 32;
    %load/av 8, v0x1e326f0, 8;
    %ix/getv/s 3, v0x1e329a0_0;
   %jmp/1 t_21, 4;
   %ix/load 1, 0, 0;
   %set/av v0x1e326f0, 8, 8;
t_21 ;
    %load/v 8, v0x1e33250_0, 8;
    %ix/load 0, 1, 0;
    %load/vp0/s 16, v0x1e329a0_0, 32;
    %ix/get/s 3, 16, 32;
   %jmp/1 t_22, 4;
   %ix/load 1, 0, 0;
   %set/av v0x1e326f0, 8, 8;
t_22 ;
    %ix/getv/s 3, v0x1e329a0_0;
    %load/av 8, v0x1e32fb0, 8;
    %set/v v0x1e33030_0, 8, 8;
    %ix/load 0, 1, 0;
    %load/vp0/s 16, v0x1e329a0_0, 32;
    %ix/get/s 3, 16, 32;
    %load/av 8, v0x1e32fb0, 8;
    %ix/getv/s 3, v0x1e329a0_0;
   %jmp/1 t_23, 4;
   %ix/load 1, 0, 0;
   %set/av v0x1e32fb0, 8, 8;
t_23 ;
    %load/v 8, v0x1e33030_0, 8;
    %ix/load 0, 1, 0;
    %load/vp0/s 16, v0x1e329a0_0, 32;
    %ix/get/s 3, 16, 32;
   %jmp/1 t_24, 4;
   %ix/load 1, 0, 0;
   %set/av v0x1e32fb0, 8, 8;
t_24 ;
    %ix/load 0, 1, 0;
    %load/vp0/s 8, v0x1e329a0_0, 32;
    %set/v v0x1e329a0_0, 8, 32;
    %jmp T_6.16;
T_6.17 ;
T_6.14 ;
T_6.13 ;
T_6.11 ;
T_6.8 ;
T_6.0 ;
    %jmp T_6;
    .thread T_6;
    .scope S_0x1e13320;
T_7 ;
    %wait E_0x1ddf3b0;
    %load/v 8, v0x1e333a0_0, 1; Only need 1 of 8 bits
; Save base=8 wid=1 in lookaside.
    %jmp/0xz  T_7.0, 8;
    %movi 8, 7, 4;
    %set/v v0x1e32f10_0, 8, 4;
    %jmp T_7.1;
T_7.0 ;
    %ix/load 1, 1, 0;
    %mov 4, 0, 1;
    %jmp/1 T_7.2, 4;
    %load/x1p 8, v0x1e333a0_0, 1;
    %jmp T_7.3;
T_7.2 ;
    %mov 8, 2, 1;
T_7.3 ;
; Save base=8 wid=1 in lookaside.
    %jmp/0xz  T_7.4, 8;
    %movi 8, 6, 4;
    %set/v v0x1e32f10_0, 8, 4;
    %jmp T_7.5;
T_7.4 ;
    %ix/load 1, 2, 0;
    %mov 4, 0, 1;
    %jmp/1 T_7.6, 4;
    %load/x1p 8, v0x1e333a0_0, 1;
    %jmp T_7.7;
T_7.6 ;
    %mov 8, 2, 1;
T_7.7 ;
; Save base=8 wid=1 in lookaside.
    %jmp/0xz  T_7.8, 8;
    %movi 8, 5, 4;
    %set/v v0x1e32f10_0, 8, 4;
    %jmp T_7.9;
T_7.8 ;
    %ix/load 1, 3, 0;
    %mov 4, 0, 1;
    %jmp/1 T_7.10, 4;
    %load/x1p 8, v0x1e333a0_0, 1;
    %jmp T_7.11;
T_7.10 ;
    %mov 8, 2, 1;
T_7.11 ;
; Save base=8 wid=1 in lookaside.
    %jmp/0xz  T_7.12, 8;
    %movi 8, 4, 4;
    %set/v v0x1e32f10_0, 8, 4;
    %jmp T_7.13;
T_7.12 ;
    %ix/load 1, 4, 0;
    %mov 4, 0, 1;
    %jmp/1 T_7.14, 4;
    %load/x1p 8, v0x1e333a0_0, 1;
    %jmp T_7.15;
T_7.14 ;
    %mov 8, 2, 1;
T_7.15 ;
; Save base=8 wid=1 in lookaside.
    %jmp/0xz  T_7.16, 8;
    %movi 8, 3, 4;
    %set/v v0x1e32f10_0, 8, 4;
    %jmp T_7.17;
T_7.16 ;
    %ix/load 1, 5, 0;
    %mov 4, 0, 1;
    %jmp/1 T_7.18, 4;
    %load/x1p 8, v0x1e333a0_0, 1;
    %jmp T_7.19;
T_7.18 ;
    %mov 8, 2, 1;
T_7.19 ;
; Save base=8 wid=1 in lookaside.
    %jmp/0xz  T_7.20, 8;
    %movi 8, 2, 4;
    %set/v v0x1e32f10_0, 8, 4;
    %jmp T_7.21;
T_7.20 ;
    %ix/load 1, 6, 0;
    %mov 4, 0, 1;
    %jmp/1 T_7.22, 4;
    %load/x1p 8, v0x1e333a0_0, 1;
    %jmp T_7.23;
T_7.22 ;
    %mov 8, 2, 1;
T_7.23 ;
; Save base=8 wid=1 in lookaside.
    %jmp/0xz  T_7.24, 8;
    %movi 8, 1, 4;
    %set/v v0x1e32f10_0, 8, 4;
    %jmp T_7.25;
T_7.24 ;
    %ix/load 1, 7, 0;
    %mov 4, 0, 1;
    %jmp/1 T_7.26, 4;
    %load/x1p 8, v0x1e333a0_0, 1;
    %jmp T_7.27;
T_7.26 ;
    %mov 8, 2, 1;
T_7.27 ;
; Save base=8 wid=1 in lookaside.
    %jmp/0xz  T_7.28, 8;
    %set/v v0x1e32f10_0, 0, 4;
    %jmp T_7.29;
T_7.28 ;
    %ix/load 1, 7, 0;
    %mov 4, 0, 1;
    %jmp/1 T_7.30, 4;
    %load/x1p 8, v0x1e333a0_0, 1;
    %jmp T_7.31;
T_7.30 ;
    %mov 8, 2, 1;
T_7.31 ;
; Save base=8 wid=1 in lookaside.
    %cmpi/u 8, 0, 1;
    %jmp/0xz  T_7.32, 4;
    %set/v v0x1e32f10_0, 1, 4;
    %jmp T_7.33;
T_7.32 ;
    %movi 8, 8, 4;
    %set/v v0x1e32f10_0, 8, 4;
T_7.33 ;
T_7.29 ;
T_7.25 ;
T_7.21 ;
T_7.17 ;
T_7.13 ;
T_7.9 ;
T_7.5 ;
T_7.1 ;
    %jmp T_7;
    .thread T_7, $push;
    .scope S_0x1e13230;
T_8 ;
    %delay 5000, 0;
    %load/v 8, v0x1e33540_0, 1;
    %inv 8, 1;
    %set/v v0x1e33540_0, 8, 1;
    %jmp T_8;
    .thread T_8;
    .scope S_0x1e13230;
T_9 ;
    %set/v v0x1e33540_0, 0, 1;
    %set/v v0x1e33670_0, 0, 1;
    %delay 10000, 0;
    %set/v v0x1e33670_0, 1, 1;
    %movi 8, 10, 8;
    %set/v v0x1e334c0_0, 8, 8;
    %delay 20000, 0;
    %movi 8, 11, 8;
    %set/v v0x1e334c0_0, 8, 8;
    %delay 20000, 0;
    %movi 8, 12, 8;
    %set/v v0x1e334c0_0, 8, 8;
    %delay 20000, 0;
    %movi 8, 13, 8;
    %set/v v0x1e334c0_0, 8, 8;
    %delay 20000, 0;
    %movi 8, 14, 8;
    %set/v v0x1e334c0_0, 8, 8;
    %delay 20000, 0;
    %movi 8, 12, 8;
    %set/v v0x1e334c0_0, 8, 8;
    %delay 20000, 0;
    %movi 8, 15, 8;
    %set/v v0x1e334c0_0, 8, 8;
    %delay 20000, 0;
    %movi 8, 16, 8;
    %set/v v0x1e334c0_0, 8, 8;
    %delay 20000, 0;
    %movi 8, 17, 8;
    %set/v v0x1e334c0_0, 8, 8;
    %delay 20000, 0;
    %movi 8, 18, 8;
    %set/v v0x1e334c0_0, 8, 8;
    %delay 20000, 0;
    %movi 8, 19, 8;
    %set/v v0x1e334c0_0, 8, 8;
    %delay 100000, 0;
    %vpi_call 2 56 "$finish";
    %end;
    .thread T_9;
# The file index is used to find the file name in the following table.
:file_names 4;
    "N/A";
    "<interactive>";
    "testbench.sv";
    "design.sv";
